<?xml version="1.0" encoding="UTF-8"?>
<testsuite xmlns:xsi="http://www.w3.org/2001/XMLSchema-instance" xsi:noNamespaceSchemaLocation="https://maven.apache.org/surefire/maven-surefire-plugin/xsd/surefire-test-report-3.0.xsd" version="3.0" name="edu.ntu.bto.test.IntegrationTest" time="0.003" tests="4" errors="0" skipped="0" failures="0">
  <properties>
[...]
</properties>
  <testcase name="testDuplicateNRICHandling" classname="edu.ntu.bto.test.IntegrationTest" time="0"/>
  <testcase name="testOfficerSlotLimit" classname="edu.ntu.bto.test.IntegrationTest" time="0.001"/>
  <testcase name="testIneligibleApplication" classname="edu.ntu.bto.test.IntegrationTest" time="0"/>
  <testcase name="testEndToEndApplicationFlow" classname="edu.ntu.bto.test.IntegrationTest" time="0"/>
</testsuite>